<?xml version="1.0" encoding="UTF-8"?>
<!-- Generated by org.testng.reporters.JUnitReportReporter -->
<testsuite hostname="rojas" failures="0" tests="7" name="metodes.NumerosNGTest" time="0.011" errors="0" timestamp="25 Apr 2019 14:54:40 GMT">
  <testcase classname="metodes.NumerosNGTest" name="testNumVector" time="0.003"/>
  <testcase classname="metodes.NumerosNGTest" name="testVectorDigits" time="0.002"/>
  <testcase classname="metodes.NumerosNGTest" name="testLongitudNumero" time="0.001"/>
  <testcase classname="metodes.NumerosNGTest" name="testRevesNumerov1" time="0.001"/>
  <testcase classname="metodes.NumerosNGTest" name="testEsPrimer" time="0.000"/>
  <testcase classname="metodes.NumerosNGTest" name="testDescFact" time="0.004"/>
  <testcase classname="metodes.NumerosNGTest" name="testRevesNumerov2" time="0.000"/>
</testsuite> <!-- metodes.NumerosNGTest -->
