<?xml version="1.0" encoding="UTF-8"?>
<!-- Generated by org.testng.reporters.JUnitReportReporter -->
<testsuite hostname="rojas" failures="0" tests="6" name="metodes.CadenesNGTest" time="0.007" errors="0" timestamp="25 Apr 2019 14:54:40 GMT">
  <testcase classname="metodes.CadenesNGTest" name="testSubcadena" time="0.000"/>
  <testcase classname="metodes.CadenesNGTest" name="testBuscaParaula" time="0.002"/>
  <testcase classname="metodes.CadenesNGTest" name="testBuscaParaula20162017" time="0.001"/>
  <testcase classname="metodes.CadenesNGTest" name="testBuscaCadena" time="0.001"/>
  <testcase classname="metodes.CadenesNGTest" name="testMostraMissatgeSanti" time="0.002"/>
  <testcase classname="metodes.CadenesNGTest" name="testBuscaParaulavDissenyModular" time="0.001"/>
</testsuite> <!-- metodes.CadenesNGTest -->
