<?xml version="1.0" encoding="UTF-8"?>
<!-- Generated by org.testng.reporters.JUnitReportReporter -->
<testsuite hostname="rojas" failures="0" tests="3" name="metodes.CadenesNGTest" time="0.011" errors="0" timestamp="30 May 2019 13:31:57 GMT">
  <testcase classname="metodes.CadenesNGTest" name="testBuscaCadenanull" time="0.001"/>
  <testcase classname="metodes.CadenesNGTest" name="testBuscaCadenaNot" time="0.009"/>
  <testcase classname="metodes.CadenesNGTest" name="testBuscaCadena" time="0.001"/>
</testsuite> <!-- metodes.CadenesNGTest -->
