<?xml version="1.0" encoding="UTF-8"?>
<!-- Generated by org.testng.reporters.JUnitReportReporter -->
<testsuite hostname="rojas" failures="0" tests="2" name="metodes.NumerosNGTest" time="0.015" errors="0" timestamp="30 May 2019 13:46:40 GMT">
  <testcase classname="metodes.NumerosNGTest" name="testRevesNumerov1" time="0.000"/>
  <testcase classname="metodes.NumerosNGTest" name="testMcdRecursiu" time="0.015"/>
</testsuite> <!-- metodes.NumerosNGTest -->
